This is pdfTeX, Version 3.1415926-2.4-1.40.13 (MiKTeX 2.9 64-bit) (preloaded format=pdflatex 2013.8.29)  29 APR 2016 15:27
entering extended mode
**gls_comp.tex
(M:\docs\manuscripts\sgdepth_manu\gls_comp.tex
LaTeX2e <2011/06/27>
Babel <v3.8m> and hyphenation patterns for english, afrikaans, ancientgreek, ar
abic, armenian, assamese, basque, bengali, bokmal, bulgarian, catalan, coptic, 
croatian, czech, danish, dutch, esperanto, estonian, farsi, finnish, french, ga
lician, german, german-x-2012-05-30, greek, gujarati, hindi, hungarian, iceland
ic, indonesian, interlingua, irish, italian, kannada, kurmanji, latin, latvian,
 lithuanian, malayalam, marathi, mongolian, mongolianlmc, monogreek, ngerman, n
german-x-2012-05-30, nynorsk, oriya, panjabi, pinyin, polish, portuguese, roman
ian, russian, sanskrit, serbian, slovak, slovenian, spanish, swedish, swissgerm
an, tamil, telugu, turkish, turkmen, ukenglish, ukrainian, uppersorbian, usengl
ishmax, welsh, loaded.
("C:\Program Files\MiKTeX 2.9\tex\latex\base\article.cls"
Document Class: article 2007/10/19 v1.4h Standard LaTeX document class
("C:\Program Files\MiKTeX 2.9\tex\latex\base\size10.clo"
File: size10.clo 2007/10/19 v1.4h Standard LaTeX file (size option)
)
\c@part=\count79
\c@section=\count80
\c@subsection=\count81
\c@subsubsection=\count82
\c@paragraph=\count83
\c@subparagraph=\count84
\c@figure=\count85
\c@table=\count86
\abovecaptionskip=\skip41
\belowcaptionskip=\skip42
\bibindent=\dimen102
)
("C:\Program Files\MiKTeX 2.9\tex\latex\graphics\graphicx.sty"
Package: graphicx 1999/02/16 v1.0f Enhanced LaTeX Graphics (DPC,SPQR)

("C:\Program Files\MiKTeX 2.9\tex\latex\graphics\keyval.sty"
Package: keyval 1999/03/16 v1.13 key=value parser (DPC)
\KV@toks@=\toks14
)
("C:\Program Files\MiKTeX 2.9\tex\latex\graphics\graphics.sty"
Package: graphics 2009/02/05 v1.0o Standard LaTeX Graphics (DPC,SPQR)

("C:\Program Files\MiKTeX 2.9\tex\latex\graphics\trig.sty"
Package: trig 1999/03/16 v1.09 sin cos tan (DPC)
)
("C:\Program Files\MiKTeX 2.9\tex\latex\00miktex\graphics.cfg"
File: graphics.cfg 2007/01/18 v1.5 graphics configuration of teTeX/TeXLive
)
Package graphics Info: Driver file: pdftex.def on input line 91.

("C:\Program Files\MiKTeX 2.9\tex\latex\pdftex-def\pdftex.def"
File: pdftex.def 2011/05/27 v0.06d Graphics/color for pdfTeX

("C:\Program Files\MiKTeX 2.9\tex\generic\oberdiek\infwarerr.sty"
Package: infwarerr 2010/04/08 v1.3 Providing info/warning/error messages (HO)
)
("C:\Program Files\MiKTeX 2.9\tex\generic\oberdiek\ltxcmds.sty"
Package: ltxcmds 2011/11/09 v1.22 LaTeX kernel commands for general use (HO)
)
\Gread@gobject=\count87
))
\Gin@req@height=\dimen103
\Gin@req@width=\dimen104
)
("C:\Program Files\MiKTeX 2.9\tex\latex\graphics\color.sty"
Package: color 2005/11/14 v1.0j Standard LaTeX Color (DPC)

("C:\Program Files\MiKTeX 2.9\tex\latex\00miktex\color.cfg"
File: color.cfg 2007/01/18 v1.5 color configuration of teTeX/TeXLive
)
Package color Info: Driver file: pdftex.def on input line 130.
)
(C:\Users\mbeck\AppData\Roaming\MiKTeX\2.9\tex\latex\framed\framed.sty
Package: framed 2011/10/22 v 0.96: framed or shaded text with page breaks
\OuterFrameSep=\skip43
\fb@frw=\dimen105
\fb@frh=\dimen106
\FrameRule=\dimen107
\FrameSep=\dimen108
)
("C:\Program Files\MiKTeX 2.9\tex\latex\base\alltt.sty"
Package: alltt 1997/06/16 v2.0g defines alltt environment
)
(C:\Users\mbeck\AppData\Roaming\MiKTeX\2.9\tex\latex\upquote\upquote.sty
Package: upquote 2012/04/19 v1.3 upright-quote and grave-accent glyphs in verba
tim
)
(M:\docs\manuscripts\sgdepth_manu\gls_comp.aux

LaTeX Warning: Label `' multiply defined.

)
LaTeX Font Info:    Checking defaults for OML/cmm/m/it on input line 56.
LaTeX Font Info:    ... okay on input line 56.
LaTeX Font Info:    Checking defaults for T1/cmr/m/n on input line 56.
LaTeX Font Info:    ... okay on input line 56.
LaTeX Font Info:    Checking defaults for OT1/cmr/m/n on input line 56.
LaTeX Font Info:    ... okay on input line 56.
LaTeX Font Info:    Checking defaults for OMS/cmsy/m/n on input line 56.
LaTeX Font Info:    ... okay on input line 56.
LaTeX Font Info:    Checking defaults for OMX/cmex/m/n on input line 56.
LaTeX Font Info:    ... okay on input line 56.
LaTeX Font Info:    Checking defaults for U/cmr/m/n on input line 56.
LaTeX Font Info:    ... okay on input line 56.
 (C:\Users\mbeck\AppData\Roaming\MiKTeX\2.9\tex\context\base\supp-pdf.mkii
[Loading MPS to PDF converter (version 2006.09.02).]
\scratchcounter=\count88
\scratchdimen=\dimen109
\scratchbox=\box26
\nofMPsegments=\count89
\nofMParguments=\count90
\everyMPshowfont=\toks15
\MPscratchCnt=\count91
\MPscratchDim=\dimen110
\MPnumerator=\count92
\makeMPintoPDFobject=\count93
\everyMPtoPDFconversion=\toks16
)
LaTeX Font Info:    Font shape `OT1/cmtt/bx/n' in size <10> not available
(Font)              Font shape `OT1/cmtt/m/n' tried instead on input line 60.

Overfull \hbox (90.7462pt too wide) in paragraph at lines 68--68
[][]\OT1/cmtt/m/n/10 mod1[] []<-[] []gls[][](z_cmax[] []~[] []1[][],[] []correl
ation[] []=[] []corSpher[][]([][]form[] []=[] []~[] []long[] []+[] []lat,[] []n
ugget[] []=[] []TRUE[][]),[][] 
 []


Overfull \hbox (80.24629pt too wide) in paragraph at lines 70--70
[][]\OT1/cmtt/m/n/10 mod2[] []<-[] []gls[][](z_cmax[] []~[] []1[][],[] []correl
ation[] []=[] []corLin[][]([][]form[] []=[] []~[] []long[] []+[] []lat,[] []nug
get[] []=[] []TRUE[][]),[][] 
 []


Overfull \hbox (90.7462pt too wide) in paragraph at lines 72--72
[][]\OT1/cmtt/m/n/10 mod3[] []<-[] []gls[][](z_cmax[] []~[] []1[][],[] []correl
ation[] []=[] []corRatio[][]([][]form[] []=[] []~[] []long[] []+[] []lat,[] []n
ugget[] []=[] []TRUE[][]),[][] 
 []


Overfull \hbox (85.49625pt too wide) in paragraph at lines 74--74
[][]\OT1/cmtt/m/n/10 mod4[] []<-[] []gls[][](z_cmax[] []~[] []1[][],[] []correl
ation[] []=[] []corGaus[][]([][]form[] []=[] []~[] []long[] []+[] []lat,[] []nu
gget[] []=[] []TRUE[][]),[][] 
 []


Overfull \hbox (80.24629pt too wide) in paragraph at lines 76--76
[][]\OT1/cmtt/m/n/10 mod5[] []<-[] []gls[][](z_cmax[] []~[] []1[][],[] []correl
ation[] []=[] []corExp[][]([][]form[] []=[] []~[] []long[] []+[] []lat,[] []nug
get[] []=[] []TRUE[][]),[][] 
 []


Overfull \hbox (190.49533pt too wide) in paragraph at lines 82--82
[]  []\OT1/cmtt/m/n/10 title[] []=[] []Comparison of regression models with di
fferent correlation structures for grid locations.[][],[][] 
 []


Overfull \hbox (11.99689pt too wide) in paragraph at lines 83--83
[]  []\OT1/cmtt/m/n/10 column.labels[] []=[] []c[][]([][]null[][],[] []Spher
[][],[] []Lin[][],[] []Ratio[][],[] []Gaus[][],[] []Exp[][]),[][] 
 []

LaTeX Font Info:    External font `cmex10' loaded for size
(Font)              <7> on input line 93.
LaTeX Font Info:    External font `cmex10' loaded for size
(Font)              <5> on input line 93.

Overfull \hbox (58.30627pt too wide) in paragraph at lines 93--113
 [][] 
 []

Package color Info: Redefining color shadecolor on input line 117.
[1

{C:/Users/mbeck/AppData/Local/MiKTeX/2.9/pdftex/config/pdftex.map}]
Overfull \hbox (64.49643pt too wide) in paragraph at lines 123--123
[][]\OT1/cmtt/m/n/10 choc_light[] []<-[] []select[][](choc_light, z_c_all, ligh
t, seg, Longitude, Latitude)[] []%>%[][] 
 []


Overfull \hbox (53.99652pt too wide) in paragraph at lines 125--125
[][]\OT1/cmtt/m/n/10 irl_light[] []<-[] []select[][](irl_light, z_c_all, light,
 seg, Longitude, Latitude)[] []%>%[][] 
 []


Overfull \hbox (43.49661pt too wide) in paragraph at lines 127--127
[][]\OT1/cmtt/m/n/10 tb_light[] []<-[] []select[][](tb_light, z_c_all, light, s
eg, Longitude, Latitude)[] []%>%[][] 
 []


Overfull \hbox (6.74693pt too wide) in paragraph at lines 133--133
[][]\OT1/cmtt/m/n/10 znl[] []<-[] []lme[][](z_c_all[] []~[] []0[] []+[] []bay,[
] []random[] []=[] []~[] []1[] []|[] []bay,[] []data[] []= all_light)[][] 
 []


Overfull \hbox (53.99652pt too wide) in paragraph at lines 135--135
[]  []\OT1/cmtt/m/n/10 correlation[] []=[] []corGaus[][]([][]form[] []=[] []~[]
 []Latitude[] []+[] []Longitude[] []|[] []bay,[] []nugget[] []=[] []TRUE[][]),[
][] 
 []


Overfull \hbox (53.99652pt too wide) in paragraph at lines 141--141
[]  []\OT1/cmtt/m/n/10 correlation[] []=[] []corGaus[][]([][]form[] []=[] []~[]
 []Latitude[] []+[] []Longitude[] []|[] []bay,[] []nugget[] []=[] []TRUE[][]),[
][] 
 []

Package color Info: Redefining color shadecolor on input line 148.
[2] [3]
Overfull \hbox (447.74309pt too wide) in paragraph at lines 227--227
[]  []\OT1/cmtt/m/n/10 title[] []=[] []Inter-bay differences for median depth 
of colonization and light requirements. Null models do not include a grouped co
rrelation structure.[][],[][] 
 []

Package color Info: Redefining color shadecolor on input line 268.

Overfull \hbox (64.49643pt too wide) in paragraph at lines 292--292
[]\OT1/cmtt/m/n/10 ## Fit: lme.formula(fixed = z_c_all ~ 0 + bay, data = all_li
ght, random = ~1 |[] 
 []


Overfull \hbox (53.99652pt too wide) in paragraph at lines 315--315
[]\OT1/cmtt/m/n/10 ## Fit: lme.formula(fixed = light ~ 0 + bay, data = all_ligh
t, random = ~1 |[] 
 []

[4] [5] (M:\docs\manuscripts\sgdepth_manu\gls_comp.aux)

LaTeX Warning: There were multiply-defined labels.

 ) 
Here is how much of TeX's memory you used:
 1250 strings out of 493921
 16746 string characters out of 3147282
 78125 words of memory out of 3000000
 4578 multiletter control sequences out of 15000+200000
 4322 words of font info for 17 fonts, out of 3000000 for 9000
 841 hyphenation exceptions out of 8191
 27i,10n,19p,286b,267s stack positions out of 5000i,500n,10000p,200000b,50000s
<C:/Program Files/MiKTeX 2.9/fonts/type1/public/amsfonts/cm/cmitt10.pfb><C:/P
rogram Files/MiKTeX 2.9/fonts/type1/public/amsfonts/cm/cmmi10.pfb><C:/Program F
iles/MiKTeX 2.9/fonts/type1/public/amsfonts/cm/cmr10.pfb><C:/Program Files/MiKT
eX 2.9/fonts/type1/public/amsfonts/cm/cmsy10.pfb><C:/Program Files/MiKTeX 2.9/f
onts/type1/public/amsfonts/cm/cmsy7.pfb><C:/Program Files/MiKTeX 2.9/fonts/type
1/public/amsfonts/cm/cmti10.pfb><C:/Program Files/MiKTeX 2.9/fonts/type1/public
/amsfonts/cm/cmtt10.pfb>
Output written on gls_comp.pdf (5 pages, 90893 bytes).
PDF statistics:
 46 PDF objects out of 1000 (max. 8388607)
 0 named destinations out of 1000 (max. 500000)
 1 words of extra memory for PDF output out of 10000 (max. 10000000)

